android/app/build/intermediates/manifest_merge_blame_file/release/manifest-merger-blame-release-report.txt
1<?xml version="1.0" encoding="utf-8"?>
2<manifest xmlns:android="http://schemas.android.com/apk/res/android"
3    package="com.tictactoern"
4    android:versionCode="1"
5    android:versionName="1.0" >
6
7    <uses-sdk
8        android:minSdkVersion="21"
8-->src\main\AndroidManifest.xml
9        android:targetSdkVersion="31" />
9-->src\main\AndroidManifest.xml
10
11    <uses-permission android:name="android.permission.INTERNET" />
11-->src\main\AndroidManifest.xml:4:5-67
11-->src\main\AndroidManifest.xml:4:22-64
12    <uses-permission android:name="android.permission.WAKE_LOCK" />
12-->[:react-native-firebase_auth] AndroidManifest.xml:10:5-68
12-->[:react-native-firebase_auth] AndroidManifest.xml:10:22-65
13    <uses-permission android:name="android.permission.ACCESS_NETWORK_STATE" />
13-->[:react-native-firebase_auth] AndroidManifest.xml:11:5-79
13-->[:react-native-firebase_auth] AndroidManifest.xml:11:22-76
14
15    <application
15-->src\main\AndroidManifest.xml:6:5-25:19
16        android:name="com.tictactoern.MainApplication"
16-->src\main\AndroidManifest.xml:7:7-38
17        android:allowBackup="false"
17-->src\main\AndroidManifest.xml:11:7-34
18        android:appComponentFactory="androidx.core.app.CoreComponentFactory"
18-->[androidx.core:core:1.7.0] AndroidManifest.xml:24:18-86
19        android:icon="@mipmap/ic_launcher"
19-->src\main\AndroidManifest.xml:9:7-41
20        android:label="@string/app_name"
20-->src\main\AndroidManifest.xml:8:7-39
21        android:roundIcon="@mipmap/ic_launcher_round"
21-->src\main\AndroidManifest.xml:10:7-52
22        android:theme="@style/AppTheme" >
22-->src\main\AndroidManifest.xml:12:7-38
23        <activity
23-->src\main\AndroidManifest.xml:13:7-24:18
24            android:name="com.tictactoern.MainActivity"
24-->src\main\AndroidManifest.xml:14:9-37
25            android:configChanges="keyboard|keyboardHidden|orientation|screenLayout|screenSize|smallestScreenSize|uiMode"
25-->src\main\AndroidManifest.xml:16:9-118
26            android:exported="true"
26-->src\main\AndroidManifest.xml:19:9-32
27            android:label="@string/app_name"
27-->src\main\AndroidManifest.xml:15:9-41
28            android:launchMode="singleTask"
28-->src\main\AndroidManifest.xml:17:9-40
29            android:windowSoftInputMode="adjustResize" >
29-->src\main\AndroidManifest.xml:18:9-51
30            <intent-filter>
30-->src\main\AndroidManifest.xml:20:9-23:25
31                <action android:name="android.intent.action.MAIN" />
31-->src\main\AndroidManifest.xml:21:13-65
31-->src\main\AndroidManifest.xml:21:21-62
32
33                <category android:name="android.intent.category.LAUNCHER" />
33-->src\main\AndroidManifest.xml:22:13-73
33-->src\main\AndroidManifest.xml:22:23-70
34            </intent-filter>
35        </activity>
36
37        <meta-data
37-->[:react-native-firebase_app] AndroidManifest.xml:11:9-13:36
38            android:name="app_data_collection_default_enabled"
38-->[:react-native-firebase_app] AndroidManifest.xml:12:13-63
39            android:value="true" />
39-->[:react-native-firebase_app] AndroidManifest.xml:13:13-33
40
41        <service
41-->[:react-native-firebase_app] AndroidManifest.xml:15:9-23:19
42            android:name="com.google.firebase.components.ComponentDiscoveryService"
42-->[:react-native-firebase_app] AndroidManifest.xml:16:13-84
43            android:directBootAware="true"
43-->[:react-native-firebase_app] AndroidManifest.xml:17:13-43
44            android:exported="false" >
44-->[:react-native-firebase_app] AndroidManifest.xml:18:13-37
45            <meta-data
45-->[:react-native-firebase_app] AndroidManifest.xml:20:13-22:85
46                android:name="com.google.firebase.components:io.invertase.firebase.app.ReactNativeFirebaseAppRegistrar"
46-->[:react-native-firebase_app] AndroidManifest.xml:21:17-120
47                android:value="com.google.firebase.components.ComponentRegistrar" />
47-->[:react-native-firebase_app] AndroidManifest.xml:22:17-82
48            <meta-data
48-->[com.google.firebase:firebase-auth:21.0.8] AndroidManifest.xml:67:13-69:85
49                android:name="com.google.firebase.components:com.google.firebase.auth.FirebaseAuthRegistrar"
49-->[com.google.firebase:firebase-auth:21.0.8] AndroidManifest.xml:68:17-109
50                android:value="com.google.firebase.components.ComponentRegistrar" />
50-->[com.google.firebase:firebase-auth:21.0.8] AndroidManifest.xml:69:17-82
51            <meta-data
51-->[com.google.firebase:firebase-database:20.0.6] AndroidManifest.xml:32:13-34:85
52                android:name="com.google.firebase.components:com.google.firebase.database.DatabaseRegistrar"
52-->[com.google.firebase:firebase-database:20.0.6] AndroidManifest.xml:33:17-109
53                android:value="com.google.firebase.components.ComponentRegistrar" />
53-->[com.google.firebase:firebase-database:20.0.6] AndroidManifest.xml:34:17-82
54        </service>
55
56        <provider
56-->[:react-native-firebase_app] AndroidManifest.xml:25:9-29:38
57            android:name="io.invertase.firebase.app.ReactNativeFirebaseAppInitProvider"
57-->[:react-native-firebase_app] AndroidManifest.xml:26:13-88
58            android:authorities="com.tictactoern.reactnativefirebaseappinitprovider"
58-->[:react-native-firebase_app] AndroidManifest.xml:27:13-86
59            android:exported="false"
59-->[:react-native-firebase_app] AndroidManifest.xml:28:13-37
60            android:initOrder="99" />
60-->[:react-native-firebase_app] AndroidManifest.xml:29:13-35
61
62        <activity
62-->[com.google.firebase:firebase-auth:21.0.8] AndroidManifest.xml:27:9-44:20
63            android:name="com.google.firebase.auth.internal.GenericIdpActivity"
63-->[com.google.firebase:firebase-auth:21.0.8] AndroidManifest.xml:28:13-80
64            android:excludeFromRecents="true"
64-->[com.google.firebase:firebase-auth:21.0.8] AndroidManifest.xml:29:13-46
65            android:exported="true"
65-->[com.google.firebase:firebase-auth:21.0.8] AndroidManifest.xml:30:13-36
66            android:launchMode="singleTask"
66-->[com.google.firebase:firebase-auth:21.0.8] AndroidManifest.xml:31:13-44
67            android:theme="@android:style/Theme.Translucent.NoTitleBar" >
67-->[com.google.firebase:firebase-auth:21.0.8] AndroidManifest.xml:32:13-72
68            <intent-filter>
68-->[com.google.firebase:firebase-auth:21.0.8] AndroidManifest.xml:33:13-43:29
69                <action android:name="android.intent.action.VIEW" />
69-->[com.google.firebase:firebase-auth:21.0.8] AndroidManifest.xml:34:17-69
69-->[com.google.firebase:firebase-auth:21.0.8] AndroidManifest.xml:34:25-66
70
71                <category android:name="android.intent.category.DEFAULT" />
71-->[com.google.firebase:firebase-auth:21.0.8] AndroidManifest.xml:36:17-76
71-->[com.google.firebase:firebase-auth:21.0.8] AndroidManifest.xml:36:27-73
72                <category android:name="android.intent.category.BROWSABLE" />
72-->[com.google.firebase:firebase-auth:21.0.8] AndroidManifest.xml:37:17-78
72-->[com.google.firebase:firebase-auth:21.0.8] AndroidManifest.xml:37:27-75
73
74                <data
74-->[com.google.firebase:firebase-auth:21.0.8] AndroidManifest.xml:39:17-42:51
75                    android:host="firebase.auth"
75-->[com.google.firebase:firebase-auth:21.0.8] AndroidManifest.xml:40:21-49
76                    android:path="/"
76-->[com.google.firebase:firebase-auth:21.0.8] AndroidManifest.xml:41:21-37
77                    android:scheme="genericidp" />
77-->[com.google.firebase:firebase-auth:21.0.8] AndroidManifest.xml:42:21-48
78            </intent-filter>
79        </activity>
80        <activity
80-->[com.google.firebase:firebase-auth:21.0.8] AndroidManifest.xml:45:9-62:20
81            android:name="com.google.firebase.auth.internal.RecaptchaActivity"
81-->[com.google.firebase:firebase-auth:21.0.8] AndroidManifest.xml:46:13-79
82            android:excludeFromRecents="true"
82-->[com.google.firebase:firebase-auth:21.0.8] AndroidManifest.xml:47:13-46
83            android:exported="true"
83-->[com.google.firebase:firebase-auth:21.0.8] AndroidManifest.xml:48:13-36
84            android:launchMode="singleTask"
84-->[com.google.firebase:firebase-auth:21.0.8] AndroidManifest.xml:49:13-44
85            android:theme="@android:style/Theme.Translucent.NoTitleBar" >
85-->[com.google.firebase:firebase-auth:21.0.8] AndroidManifest.xml:50:13-72
86            <intent-filter>
86-->[com.google.firebase:firebase-auth:21.0.8] AndroidManifest.xml:51:13-61:29
87                <action android:name="android.intent.action.VIEW" />
87-->[com.google.firebase:firebase-auth:21.0.8] AndroidManifest.xml:34:17-69
87-->[com.google.firebase:firebase-auth:21.0.8] AndroidManifest.xml:34:25-66
88
89                <category android:name="android.intent.category.DEFAULT" />
89-->[com.google.firebase:firebase-auth:21.0.8] AndroidManifest.xml:36:17-76
89-->[com.google.firebase:firebase-auth:21.0.8] AndroidManifest.xml:36:27-73
90                <category android:name="android.intent.category.BROWSABLE" />
90-->[com.google.firebase:firebase-auth:21.0.8] AndroidManifest.xml:37:17-78
90-->[com.google.firebase:firebase-auth:21.0.8] AndroidManifest.xml:37:27-75
91
92                <data
92-->[com.google.firebase:firebase-auth:21.0.8] AndroidManifest.xml:39:17-42:51
93                    android:host="firebase.auth"
93-->[com.google.firebase:firebase-auth:21.0.8] AndroidManifest.xml:40:21-49
94                    android:path="/"
94-->[com.google.firebase:firebase-auth:21.0.8] AndroidManifest.xml:41:21-37
95                    android:scheme="recaptcha" />
95-->[com.google.firebase:firebase-auth:21.0.8] AndroidManifest.xml:42:21-48
96            </intent-filter>
97        </activity>
98
99        <provider
99-->[com.google.firebase:firebase-common:20.1.2] AndroidManifest.xml:26:9-31:39
100            android:name="com.google.firebase.provider.FirebaseInitProvider"
100-->[com.google.firebase:firebase-common:20.1.2] AndroidManifest.xml:27:13-77
101            android:authorities="com.tictactoern.firebaseinitprovider"
101-->[com.google.firebase:firebase-common:20.1.2] AndroidManifest.xml:28:13-72
102            android:directBootAware="true"
102-->[com.google.firebase:firebase-common:20.1.2] AndroidManifest.xml:29:13-43
103            android:exported="false"
103-->[com.google.firebase:firebase-common:20.1.2] AndroidManifest.xml:30:13-37
104            android:initOrder="100" />
104-->[com.google.firebase:firebase-common:20.1.2] AndroidManifest.xml:31:13-36
105
106        <activity
106-->[com.google.android.gms:play-services-auth:20.3.0] AndroidManifest.xml:23:9-27:75
107            android:name="com.google.android.gms.auth.api.signin.internal.SignInHubActivity"
107-->[com.google.android.gms:play-services-auth:20.3.0] AndroidManifest.xml:24:13-93
108            android:excludeFromRecents="true"
108-->[com.google.android.gms:play-services-auth:20.3.0] AndroidManifest.xml:25:13-46
109            android:exported="false"
109-->[com.google.android.gms:play-services-auth:20.3.0] AndroidManifest.xml:26:13-37
110            android:theme="@android:style/Theme.Translucent.NoTitleBar" />
110-->[com.google.android.gms:play-services-auth:20.3.0] AndroidManifest.xml:27:13-72
111        <!--
112            Service handling Google Sign-In user revocation. For apps that do not integrate with
113            Google Sign-In, this service will never be started.
114        -->
115        <service
115-->[com.google.android.gms:play-services-auth:20.3.0] AndroidManifest.xml:33:9-37:51
116            android:name="com.google.android.gms.auth.api.signin.RevocationBoundService"
116-->[com.google.android.gms:play-services-auth:20.3.0] AndroidManifest.xml:34:13-89
117            android:exported="true"
117-->[com.google.android.gms:play-services-auth:20.3.0] AndroidManifest.xml:35:13-36
118            android:permission="com.google.android.gms.auth.api.signin.permission.REVOCATION_NOTIFICATION"
118-->[com.google.android.gms:play-services-auth:20.3.0] AndroidManifest.xml:36:13-107
119            android:visibleToInstantApps="true" />
119-->[com.google.android.gms:play-services-auth:20.3.0] AndroidManifest.xml:37:13-48
120
121        <activity
121-->[com.google.android.gms:play-services-base:18.0.1] AndroidManifest.xml:20:9-22:45
122            android:name="com.google.android.gms.common.api.GoogleApiActivity"
122-->[com.google.android.gms:play-services-base:18.0.1] AndroidManifest.xml:20:19-85
123            android:exported="false"
123-->[com.google.android.gms:play-services-base:18.0.1] AndroidManifest.xml:22:19-43
124            android:theme="@android:style/Theme.Translucent.NoTitleBar" />
124-->[com.google.android.gms:play-services-base:18.0.1] AndroidManifest.xml:21:19-78
125
126        <meta-data
126-->[com.google.android.gms:play-services-basement:18.1.0] AndroidManifest.xml:21:9-23:69
127            android:name="com.google.android.gms.version"
127-->[com.google.android.gms:play-services-basement:18.1.0] AndroidManifest.xml:22:13-58
128            android:value="@integer/google_play_services_version" />
128-->[com.google.android.gms:play-services-basement:18.1.0] AndroidManifest.xml:23:13-66
129
130        <provider
130-->[androidx.emoji2:emoji2:1.0.0] AndroidManifest.xml:26:9-34:20
131            android:name="androidx.startup.InitializationProvider"
131-->[androidx.emoji2:emoji2:1.0.0] AndroidManifest.xml:27:13-67
132            android:authorities="com.tictactoern.androidx-startup"
132-->[androidx.emoji2:emoji2:1.0.0] AndroidManifest.xml:28:13-68
133            android:exported="false" >
133-->[androidx.emoji2:emoji2:1.0.0] AndroidManifest.xml:29:13-37
134            <meta-data
134-->[androidx.emoji2:emoji2:1.0.0] AndroidManifest.xml:31:13-33:52
135                android:name="androidx.emoji2.text.EmojiCompatInitializer"
135-->[androidx.emoji2:emoji2:1.0.0] AndroidManifest.xml:32:17-75
136                android:value="androidx.startup" />
136-->[androidx.emoji2:emoji2:1.0.0] AndroidManifest.xml:33:17-49
137            <meta-data
137-->[androidx.lifecycle:lifecycle-process:2.4.0] AndroidManifest.xml:31:13-33:52
138                android:name="androidx.lifecycle.ProcessLifecycleInitializer"
138-->[androidx.lifecycle:lifecycle-process:2.4.0] AndroidManifest.xml:32:17-78
139                android:value="androidx.startup" />
139-->[androidx.lifecycle:lifecycle-process:2.4.0] AndroidManifest.xml:33:17-49
140        </provider>
141    </application>
142
143</manifest>